2024-12-17 22:25:12 INFO  Utils:112 - [TestNG] Running:
  C:\project_setup\OpencartV121-master\master.xml

2024-12-17 22:25:18 INFO  TC001_AccountRegistrationTest:15 - ***** Starting TC001_AccountRegistrationTest  ****
2024-12-17 22:25:18 INFO  TC001_AccountRegistrationTest:21 - Clicked on MyAccount Link.. 
2024-12-17 22:25:19 INFO  TC001_AccountRegistrationTest:24 - Clicked on Register Link.. 
2024-12-17 22:25:19 INFO  TC001_AccountRegistrationTest:28 - Providing customer details...
2024-12-17 22:25:21 INFO  TC001_AccountRegistrationTest:42 - Validating expected message..
2024-12-17 22:25:21 INFO  TC001_AccountRegistrationTest:47 - Test passed
2024-12-17 22:25:21 INFO  TC001_AccountRegistrationTest:56 - ***** Finished TC001_AccountRegistrationTest *****
2024-12-17 22:25:25 INFO  TC002_LoginTest:16 - ****** Startign TC_002_LoginTest *****
2024-12-17 22:31:57 INFO  Utils:112 - [TestNG] Running:
  C:\project_setup\OpencartV121-master\master.xml

2024-12-17 22:32:02 INFO  TC001_AccountRegistrationTest:15 - ***** Starting TC001_AccountRegistrationTest  ****
2024-12-17 22:32:02 INFO  TC001_AccountRegistrationTest:21 - Clicked on MyAccount Link.. 
2024-12-17 22:32:02 INFO  TC001_AccountRegistrationTest:24 - Clicked on Register Link.. 
2024-12-17 22:32:02 INFO  TC001_AccountRegistrationTest:28 - Providing customer details...
2024-12-17 22:32:04 INFO  TC001_AccountRegistrationTest:42 - Validating expected message..
2024-12-17 22:32:04 INFO  TC001_AccountRegistrationTest:47 - Test passed
2024-12-17 22:32:04 INFO  TC001_AccountRegistrationTest:56 - ***** Finished TC001_AccountRegistrationTest *****
2024-12-17 22:32:08 INFO  TC002_LoginTest:16 - ****** Startign TC_002_LoginTest *****
2024-12-17 22:32:10 INFO  TC002_LoginTest:41 - ****** Finished TC_002_LoginTest *****
